<?xml version="1.0" encoding="UTF-8"?>
<testng-results ignored="0" total="2" passed="2" failed="0" skipped="0">
  <reporter-output>
  </reporter-output>
  <suite started-at="2023-02-09T15:08:59 IST" name="Suite" finished-at="2023-02-09T15:09:33 IST" duration-ms="33451">
    <groups>
    </groups>
    <test started-at="2023-02-09T15:08:59 IST" name="Test" finished-at="2023-02-09T15:09:33 IST" duration-ms="33451">
      <class name="AutomationTestingByM.Appium.Ecommerce_TC">
        <test-method is-config="true" signature="configureAppium()[pri:0, instance:AutomationTestingByM.Appium.Ecommerce_TC@5f049ea1]" started-at="2023-02-09T15:08:59 IST" name="configureAppium" finished-at="2023-02-09T15:09:13 IST" duration-ms="13126" status="PASS">
          <reporter-output>
          </reporter-output>
        </test-method> <!-- configureAppium -->
        <test-method signature="FillForm()[pri:0, instance:AutomationTestingByM.Appium.Ecommerce_TC@5f049ea1]" started-at="2023-02-09T15:09:13 IST" name="FillForm" finished-at="2023-02-09T15:09:23 IST" duration-ms="10857" status="PASS">
          <reporter-output>
          </reporter-output>
        </test-method> <!-- FillForm -->
        <test-method signature="AddToCart()[pri:0, instance:AutomationTestingByM.Appium.Ecommerce_TC@5f049ea1]" started-at="2023-02-09T15:09:24 IST" name="AddToCart" finished-at="2023-02-09T15:09:32 IST" depends-on-methods="AutomationTestingByM.Appium.Ecommerce_TC.FillForm" duration-ms="8761" status="PASS">
          <reporter-output>
          </reporter-output>
        </test-method> <!-- AddToCart -->
        <test-method is-config="true" signature="tearDown()[pri:0, instance:AutomationTestingByM.Appium.Ecommerce_TC@5f049ea1]" started-at="2023-02-09T15:09:32 IST" name="tearDown" finished-at="2023-02-09T15:09:33 IST" duration-ms="629" status="PASS">
          <reporter-output>
          </reporter-output>
        </test-method> <!-- tearDown -->
      </class> <!-- AutomationTestingByM.Appium.Ecommerce_TC -->
    </test> <!-- Test -->
  </suite> <!-- Suite -->
</testng-results>
