<?xml version="1.0" encoding="UTF-8"?>
<testsuite xmlns:xsi="http://www.w3.org/2001/XMLSchema-instance" xsi:noNamespaceSchemaLocation="https://maven.apache.org/surefire/maven-surefire-plugin/xsd/surefire-test-report-3.0.xsd" version="3.0" name="TestSuite" time="34.986" tests="2" errors="0" skipped="0" failures="0">
  <properties>
[...]
</properties>
  <testcase name="FillForm" classname="AutomationTestingByM.Appium.Ecommerce_TC" time="10.879">
    <system-out><![CDATA[&amp#27;[35m[Appium]&amp#27;[39m Welcome to Appium v2.0.0-beta.52
&amp#27;[35m[Appium]&amp#27;[39m Non-default server args:
&amp#27;[35m[Appium]&amp#27;[39m { address: &amp#27;[32m'127.0.0.1'&amp#27;[39m }
&amp#27;[35m[Appium]&amp#27;[39m Attempting to load driver uiautomator2...
[debug] &amp#27;[35m[Appium]&amp#27;[39m Requiring driver at C:\Users\Jyoti Singh\.appium\node_modules\appium-uiautomator2-driver
&amp#27;[35m[Appium]&amp#27;[39m Appium REST http interface listener started on 127.0.0.1:4723
&amp#27;[35m[Appium]&amp#27;[39m Available drivers:
&amp#27;[35m[Appium]&amp#27;[39m   - uiautomator2@2.12.2 (automationName 'UiAutomator2')
&amp#27;[35m[Appium]&amp#27;[39m No plugins have been installed. Use the "appium plugin" command to install the one(s) you want to use.
&amp#27;[38;5;0m[HTTP]&amp#27;[0m &amp#27;[37m-->&amp#27;[39m &amp#27;[37mGET&amp#27;[39m &amp#27;[37m/session/0d3719e9-2eed-4c02-aef5-9c47375006ab/timeouts&amp#27;[39m
&amp#27;[38;5;0m[HTTP]&amp#27;[0m &amp#27;[90m{}&amp#27;[39m
[debug] &amp#27;[38;5;16m[AppiumDriver@6443]&amp#27;[0m Encountered internal error running command: NoSuchDriverError: A session is either terminated or not started
[debug] &amp#27;[38;5;16m[AppiumDriver@6443]&amp#27;[0m     at asyncHandler (C:\Users\Jyoti Singh\AppData\Roaming\npm\node_modules\appium\node_modules\@appium\base-driver\lib\protocol\protocol.js:281:15)
[debug] &amp#27;[38;5;16m[AppiumDriver@6443]&amp#27;[0m     at C:\Users\Jyoti Singh\AppData\Roaming\npm\node_modules\appium\node_modules\@appium\base-driver\lib\protocol\protocol.js:475:15
[debug] &amp#27;[38;5;16m[AppiumDriver@6443]&amp#27;[0m     at Layer.handle [as handle_request] (C:\Users\Jyoti Singh\AppData\Roaming\npm\node_modules\appium\node_modules\express\lib\router\layer.js:95:5)
[debug] &amp#27;[38;5;16m[AppiumDriver@6443]&amp#27;[0m     at next (C:\Users\Jyoti Singh\AppData\Roaming\npm\node_modules\appium\node_modules\express\lib\router\route.js:144:13)
[debug] &amp#27;[38;5;16m[AppiumDriver@6443]&amp#27;[0m     at Route.dispatch (C:\Users\Jyoti Singh\AppData\Roaming\npm\node_modules\appium\node_modules\express\lib\router\route.js:114:3)
[debug] &amp#27;[38;5;16m[AppiumDriver@6443]&amp#27;[0m     at Layer.handle [as handle_request] (C:\Users\Jyoti Singh\AppData\Roaming\npm\node_modules\appium\node_modules\express\lib\router\layer.js:95:5)
[debug] &amp#27;[38;5;16m[AppiumDriver@6443]&amp#27;[0m     at C:\Users\Jyoti Singh\AppData\Roaming\npm\node_modules\appium\node_modules\express\lib\router\index.js:284:15
[debug] &amp#27;[38;5;16m[AppiumDriver@6443]&amp#27;[0m     at param (C:\Users\Jyoti Singh\AppData\Roaming\npm\node_modules\appium\node_modules\express\lib\router\index.js:365:14)
[debug] &amp#27;[38;5;16m[AppiumDriver@6443]&amp#27;[0m     at param (C:\Users\Jyoti Singh\AppData\Roaming\npm\node_modules\appium\node_modules\express\lib\router\index.js:376:14)
[debug] &amp#27;[38;5;16m[AppiumDriver@6443]&amp#27;[0m     at Function.process_params (C:\Users\Jyoti Singh\AppData\Roaming\npm\node_modules\appium\node_modules\express\lib\router\index.js:421:3)
[debug] &amp#27;[38;5;16m[AppiumDriver@6443]&amp#27;[0m     at next (C:\Users\Jyoti Singh\AppData\Roaming\npm\node_modules\appium\node_modules\express\lib\router\index.js:280:10)
[debug] &amp#27;[38;5;16m[AppiumDriver@6443]&amp#27;[0m     at logger (C:\Users\Jyoti Singh\AppData\Roaming\npm\node_modules\appium\node_modules\morgan\index.js:144:5)
[debug] &amp#27;[38;5;16m[AppiumDriver@6443]&amp#27;[0m     at Layer.handle [as handle_request] (C:\Users\Jyoti Singh\AppData\Roaming\npm\node_modules\appium\node_modules\express\lib\router\layer.js:95:5)
[debug] &amp#27;[38;5;16m[AppiumDriver@6443]&amp#27;[0m     at trim_prefix (C:\Users\Jyoti Singh\AppData\Roaming\npm\node_modules\appium\node_modules\express\lib\router\index.js:328:13)
[debug] &amp#27;[38;5;16m[AppiumDriver@6443]&amp#27;[0m     at C:\Users\Jyoti Singh\AppData\Roaming\npm\node_modules\appium\node_modules\express\lib\router\index.js:286:9
[debug] &amp#27;[38;5;16m[AppiumDriver@6443]&amp#27;[0m     at Function.process_params (C:\Users\Jyoti Singh\AppData\Roaming\npm\node_modules\appium\node_modules\express\lib\router\index.js:346:12)
[debug] &amp#27;[38;5;16m[AppiumDriver@6443]&amp#27;[0m     at next (C:\Users\Jyoti Singh\AppData\Roaming\npm\node_modules\appium\node_modules\express\lib\router\index.js:280:10)
[debug] &amp#27;[38;5;16m[AppiumDriver@6443]&amp#27;[0m     at jsonParser (C:\Users\Jyoti Singh\AppData\Roaming\npm\node_modules\appium\node_modules\body-parser\lib\types\json.js:110:7)
[debug] &amp#27;[38;5;16m[AppiumDriver@6443]&amp#27;[0m     at Layer.handle [as handle_request] (C:\Users\Jyoti Singh\AppData\Roaming\npm\node_modules\appium\node_modules\express\lib\router\layer.js:95:5)
[debug] &amp#27;[38;5;16m[AppiumDriver@6443]&amp#27;[0m     at trim_prefix (C:\Users\Jyoti Singh\AppData\Roaming\npm\node_modules\appium\node_modules\express\lib\router\index.js:328:13)
[debug] &amp#27;[38;5;16m[AppiumDriver@6443]&amp#27;[0m     at C:\Users\Jyoti Singh\AppData\Roaming\npm\node_modules\appium\node_modules\express\lib\router\index.js:286:9
[debug] &amp#27;[38;5;16m[AppiumDriver@6443]&amp#27;[0m     at Function.process_params (C:\Users\Jyoti Singh\AppData\Roaming\npm\node_modules\appium\node_modules\express\lib\router\index.js:346:12)
&amp#27;[38;5;0m[HTTP]&amp#27;[0m &amp#27;[37m<-- GET /session/0d3719e9-2eed-4c02-aef5-9c47375006ab/timeouts &amp#27;[39m&amp#27;[33m404&amp#27;[39m &amp#27;[90m164 ms - 3363&amp#27;[39m
&amp#27;[38;5;0m[HTTP]&amp#27;[0m &amp#27;[90m&amp#27;[39m
&amp#27;[38;5;0m[HTTP]&amp#27;[0m &amp#27;[37m-->&amp#27;[39m &amp#27;[37mGET&amp#27;[39m &amp#27;[37m/session/0d3719e9-2eed-4c02-aef5-9c47375006ab/timeouts&amp#27;[39m
&amp#27;[38;5;0m[HTTP]&amp#27;[0m &amp#27;[90m{}&amp#27;[39m
[debug] &amp#27;[38;5;16m[AppiumDriver@6443]&amp#27;[0m Encountered internal error running command: NoSuchDriverError: A session is either terminated or not started
[debug] &amp#27;[38;5;16m[AppiumDriver@6443]&amp#27;[0m     at asyncHandler (C:\Users\Jyoti Singh\AppData\Roaming\npm\node_modules\appium\node_modules\@appium\base-driver\lib\protocol\protocol.js:281:15)
[debug] &amp#27;[38;5;16m[AppiumDriver@6443]&amp#27;[0m     at C:\Users\Jyoti Singh\AppData\Roaming\npm\node_modules\appium\node_modules\@appium\base-driver\lib\protocol\protocol.js:475:15
[debug] &amp#27;[38;5;16m[AppiumDriver@6443]&amp#27;[0m     at Layer.handle [as handle_request] (C:\Users\Jyoti Singh\AppData\Roaming\npm\node_modules\appium\node_modules\express\lib\router\layer.js:95:5)
[debug] &amp#27;[38;5;16m[AppiumDriver@6443]&amp#27;[0m     at next (C:\Users\Jyoti Singh\AppData\Roaming\npm\node_modules\appium\node_modules\express\lib\router\route.js:144:13)
[debug] &amp#27;[38;5;16m[AppiumDriver@6443]&amp#27;[0m     at Route.dispatch (C:\Users\Jyoti Singh\AppData\Roaming\npm\node_modules\appium\node_modules\express\lib\router\route.js:114:3)
[debug] &amp#27;[38;5;16m[AppiumDriver@6443]&amp#27;[0m     at Layer.handle [as handle_request] (C:\Users\Jyoti Singh\AppData\Roaming\npm\node_modules\appium\node_modules\express\lib\router\layer.js:95:5)
[debug] &amp#27;[38;5;16m[AppiumDriver@6443]&amp#27;[0m     at C:\Users\Jyoti Singh\AppData\Roaming\npm\node_modules\appium\node_modules\express\lib\router\index.js:284:15
[debug] &amp#27;[38;5;16m[AppiumDriver@6443]&amp#27;[0m     at param (C:\Users\Jyoti Singh\AppData\Roaming\npm\node_modules\appium\node_modules\express\lib\router\index.js:365:14)
[debug] &amp#27;[38;5;16m[AppiumDriver@6443]&amp#27;[0m     at param (C:\Users\Jyoti Singh\AppData\Roaming\npm\node_modules\appium\node_modules\express\lib\router\index.js:376:14)
[debug] &amp#27;[38;5;16m[AppiumDriver@6443]&amp#27;[0m     at Function.process_params (C:\Users\Jyoti Singh\AppData\Roaming\npm\node_modules\appium\node_modules\express\lib\router\index.js:421:3)
[debug] &amp#27;[38;5;16m[AppiumDriver@6443]&amp#27;[0m     at next (C:\Users\Jyoti Singh\AppData\Roaming\npm\node_modules\appium\node_modules\express\lib\router\index.js:280:10)
[debug] &amp#27;[38;5;16m[AppiumDriver@6443]&amp#27;[0m     at logger (C:\Users\Jyoti Singh\AppData\Roaming\npm\node_modules\appium\node_modules\morgan\index.js:144:5)
[debug] &amp#27;[38;5;16m[AppiumDriver@6443]&amp#27;[0m     at Layer.handle [as handle_request] (C:\Users\Jyoti Singh\AppData\Roaming\npm\node_modules\appium\node_modules\express\lib\router\layer.js:95:5)
[debug] &amp#27;[38;5;16m[AppiumDriver@6443]&amp#27;[0m     at trim_prefix (C:\Users\Jyoti Singh\AppData\Roaming\npm\node_modules\appium\node_modules\express\lib\router\index.js:328:13)
[debug] &amp#27;[38;5;16m[AppiumDriver@6443]&amp#27;[0m     at C:\Users\Jyoti Singh\AppData\Roaming\npm\node_modules\appium\node_modules\express\lib\router\index.js:286:9
[debug] &amp#27;[38;5;16m[AppiumDriver@6443]&amp#27;[0m     at Function.process_params (C:\Users\Jyoti Singh\AppData\Roaming\npm\node_modules\appium\node_modules\express\lib\router\index.js:346:12)
[debug] &amp#27;[38;5;16m[AppiumDriver@6443]&amp#27;[0m     at next (C:\Users\Jyoti Singh\AppData\Roaming\npm\node_modules\appium\node_modules\express\lib\router\index.js:280:10)
[debug] &amp#27;[38;5;16m[AppiumDriver@6443]&amp#27;[0m     at jsonParser (C:\Users\Jyoti Singh\AppData\Roaming\npm\node_modules\appium\node_modules\body-parser\lib\types\json.js:110:7)
[debug] &amp#27;[38;5;16m[AppiumDriver@6443]&amp#27;[0m     at Layer.handle [as handle_request] (C:\Users\Jyoti Singh\AppData\Roaming\npm\node_modules\appium\node_modules\express\lib\router\layer.js:95:5)
[debug] &amp#27;[38;5;16m[AppiumDriver@6443]&amp#27;[0m     at trim_prefix (C:\Users\Jyoti Singh\AppData\Roaming\npm\node_modules\appium\node_modules\express\lib\router\index.js:328:13)
[debug] &amp#27;[38;5;16m[AppiumDriver@6443]&amp#27;[0m     at C:\Users\Jyoti Singh\AppData\Roaming\npm\node_modules\appium\node_modules\express\lib\router\index.js:286:9
[debug] &amp#27;[38;5;16m[AppiumDriver@6443]&amp#27;[0m     at Function.process_params (C:\Users\Jyoti Singh\AppData\Roaming\npm\node_modules\appium\node_modules\express\lib\router\index.js:346:12)
&amp#27;[38;5;0m[HTTP]&amp#27;[0m &amp#27;[37m<-- GET /session/0d3719e9-2eed-4c02-aef5-9c47375006ab/timeouts &amp#27;[39m&amp#27;[33m404&amp#27;[39m &amp#27;[90m6 ms - 3363&amp#27;[39m
&amp#27;[38;5;0m[HTTP]&amp#27;[0m &amp#27;[90m&amp#27;[39m
]]></system-out>
    <system-err><![CDATA[SLF4J: No SLF4J providers were found.
SLF4J: Defaulting to no-operation (NOP) logger implementation
SLF4J: See https://www.slf4j.org/codes.html#noProviders for further details.
]]></system-err>
  </testcase>
  <testcase name="AddToCart" classname="AutomationTestingByM.Appium.Ecommerce_TC" time="8.742">
    <system-out><![CDATA[&amp#27;[38;5;0m[HTTP]&amp#27;[0m &amp#27;[37m-->&amp#27;[39m &amp#27;[37mGET&amp#27;[39m &amp#27;[37m/session/0d3719e9-2eed-4c02-aef5-9c47375006ab/timeouts&amp#27;[39m
&amp#27;[38;5;0m[HTTP]&amp#27;[0m &amp#27;[90m{}&amp#27;[39m
[debug] &amp#27;[38;5;16m[AppiumDriver@6443]&amp#27;[0m Encountered internal error running command: NoSuchDriverError: A session is either terminated or not started
[debug] &amp#27;[38;5;16m[AppiumDriver@6443]&amp#27;[0m     at asyncHandler (C:\Users\Jyoti Singh\AppData\Roaming\npm\node_modules\appium\node_modules\@appium\base-driver\lib\protocol\protocol.js:281:15)
[debug] &amp#27;[38;5;16m[AppiumDriver@6443]&amp#27;[0m     at C:\Users\Jyoti Singh\AppData\Roaming\npm\node_modules\appium\node_modules\@appium\base-driver\lib\protocol\protocol.js:475:15
[debug] &amp#27;[38;5;16m[AppiumDriver@6443]&amp#27;[0m     at Layer.handle [as handle_request] (C:\Users\Jyoti Singh\AppData\Roaming\npm\node_modules\appium\node_modules\express\lib\router\layer.js:95:5)
[debug] &amp#27;[38;5;16m[AppiumDriver@6443]&amp#27;[0m     at next (C:\Users\Jyoti Singh\AppData\Roaming\npm\node_modules\appium\node_modules\express\lib\router\route.js:144:13)
[debug] &amp#27;[38;5;16m[AppiumDriver@6443]&amp#27;[0m     at Route.dispatch (C:\Users\Jyoti Singh\AppData\Roaming\npm\node_modules\appium\node_modules\express\lib\router\route.js:114:3)
[debug] &amp#27;[38;5;16m[AppiumDriver@6443]&amp#27;[0m     at Layer.handle [as handle_request] (C:\Users\Jyoti Singh\AppData\Roaming\npm\node_modules\appium\node_modules\express\lib\router\layer.js:95:5)
[debug] &amp#27;[38;5;16m[AppiumDriver@6443]&amp#27;[0m     at C:\Users\Jyoti Singh\AppData\Roaming\npm\node_modules\appium\node_modules\express\lib\router\index.js:284:15
[debug] &amp#27;[38;5;16m[AppiumDriver@6443]&amp#27;[0m     at param (C:\Users\Jyoti Singh\AppData\Roaming\npm\node_modules\appium\node_modules\express\lib\router\index.js:365:14)
[debug] &amp#27;[38;5;16m[AppiumDriver@6443]&amp#27;[0m     at param (C:\Users\Jyoti Singh\AppData\Roaming\npm\node_modules\appium\node_modules\express\lib\router\index.js:376:14)
[debug] &amp#27;[38;5;16m[AppiumDriver@6443]&amp#27;[0m     at Function.process_params (C:\Users\Jyoti Singh\AppData\Roaming\npm\node_modules\appium\node_modules\express\lib\router\index.js:421:3)
[debug] &amp#27;[38;5;16m[AppiumDriver@6443]&amp#27;[0m     at next (C:\Users\Jyoti Singh\AppData\Roaming\npm\node_modules\appium\node_modules\express\lib\router\index.js:280:10)
[debug] &amp#27;[38;5;16m[AppiumDriver@6443]&amp#27;[0m     at logger (C:\Users\Jyoti Singh\AppData\Roaming\npm\node_modules\appium\node_modules\morgan\index.js:144:5)
[debug] &amp#27;[38;5;16m[AppiumDriver@6443]&amp#27;[0m     at Layer.handle [as handle_request] (C:\Users\Jyoti Singh\AppData\Roaming\npm\node_modules\appium\node_modules\express\lib\router\layer.js:95:5)
[debug] &amp#27;[38;5;16m[AppiumDriver@6443]&amp#27;[0m     at trim_prefix (C:\Users\Jyoti Singh\AppData\Roaming\npm\node_modules\appium\node_modules\express\lib\router\index.js:328:13)
[debug] &amp#27;[38;5;16m[AppiumDriver@6443]&amp#27;[0m     at C:\Users\Jyoti Singh\AppData\Roaming\npm\node_modules\appium\node_modules\express\lib\router\index.js:286:9
[debug] &amp#27;[38;5;16m[AppiumDriver@6443]&amp#27;[0m     at Function.process_params (C:\Users\Jyoti Singh\AppData\Roaming\npm\node_modules\appium\node_modules\express\lib\router\index.js:346:12)
[debug] &amp#27;[38;5;16m[AppiumDriver@6443]&amp#27;[0m     at next (C:\Users\Jyoti Singh\AppData\Roaming\npm\node_modules\appium\node_modules\express\lib\router\index.js:280:10)
[debug] &amp#27;[38;5;16m[AppiumDriver@6443]&amp#27;[0m     at jsonParser (C:\Users\Jyoti Singh\AppData\Roaming\npm\node_modules\appium\node_modules\body-parser\lib\types\json.js:110:7)
[debug] &amp#27;[38;5;16m[AppiumDriver@6443]&amp#27;[0m     at Layer.handle [as handle_request] (C:\Users\Jyoti Singh\AppData\Roaming\npm\node_modules\appium\node_modules\express\lib\router\layer.js:95:5)
[debug] &amp#27;[38;5;16m[AppiumDriver@6443]&amp#27;[0m     at trim_prefix (C:\Users\Jyoti Singh\AppData\Roaming\npm\node_modules\appium\node_modules\express\lib\router\index.js:328:13)
[debug] &amp#27;[38;5;16m[AppiumDriver@6443]&amp#27;[0m     at C:\Users\Jyoti Singh\AppData\Roaming\npm\node_modules\appium\node_modules\express\lib\router\index.js:286:9
[debug] &amp#27;[38;5;16m[AppiumDriver@6443]&amp#27;[0m     at Function.process_params (C:\Users\Jyoti Singh\AppData\Roaming\npm\node_modules\appium\node_modules\express\lib\router\index.js:346:12)
&amp#27;[38;5;0m[HTTP]&amp#27;[0m &amp#27;[37m<-- GET /session/0d3719e9-2eed-4c02-aef5-9c47375006ab/timeouts &amp#27;[39m&amp#27;[33m404&amp#27;[39m &amp#27;[90m6 ms - 3363&amp#27;[39m
&amp#27;[38;5;0m[HTTP]&amp#27;[0m &amp#27;[90m&amp#27;[39m
&amp#27;[38;5;0m[HTTP]&amp#27;[0m &amp#27;[37m-->&amp#27;[39m &amp#27;[37mGET&amp#27;[39m &amp#27;[37m/session/0d3719e9-2eed-4c02-aef5-9c47375006ab/timeouts&amp#27;[39m
&amp#27;[38;5;0m[HTTP]&amp#27;[0m &amp#27;[90m{}&amp#27;[39m
[debug] &amp#27;[38;5;16m[AppiumDriver@6443]&amp#27;[0m Encountered internal error running command: NoSuchDriverError: A session is either terminated or not started
[debug] &amp#27;[38;5;16m[AppiumDriver@6443]&amp#27;[0m     at asyncHandler (C:\Users\Jyoti Singh\AppData\Roaming\npm\node_modules\appium\node_modules\@appium\base-driver\lib\protocol\protocol.js:281:15)
[debug] &amp#27;[38;5;16m[AppiumDriver@6443]&amp#27;[0m     at C:\Users\Jyoti Singh\AppData\Roaming\npm\node_modules\appium\node_modules\@appium\base-driver\lib\protocol\protocol.js:475:15
[debug] &amp#27;[38;5;16m[AppiumDriver@6443]&amp#27;[0m     at Layer.handle [as handle_request] (C:\Users\Jyoti Singh\AppData\Roaming\npm\node_modules\appium\node_modules\express\lib\router\layer.js:95:5)
[debug] &amp#27;[38;5;16m[AppiumDriver@6443]&amp#27;[0m     at next (C:\Users\Jyoti Singh\AppData\Roaming\npm\node_modules\appium\node_modules\express\lib\router\route.js:144:13)
[debug] &amp#27;[38;5;16m[AppiumDriver@6443]&amp#27;[0m     at Route.dispatch (C:\Users\Jyoti Singh\AppData\Roaming\npm\node_modules\appium\node_modules\express\lib\router\route.js:114:3)
[debug] &amp#27;[38;5;16m[AppiumDriver@6443]&amp#27;[0m     at Layer.handle [as handle_request] (C:\Users\Jyoti Singh\AppData\Roaming\npm\node_modules\appium\node_modules\express\lib\router\layer.js:95:5)
[debug] &amp#27;[38;5;16m[AppiumDriver@6443]&amp#27;[0m     at C:\Users\Jyoti Singh\AppData\Roaming\npm\node_modules\appium\node_modules\express\lib\router\index.js:284:15
[debug] &amp#27;[38;5;16m[AppiumDriver@6443]&amp#27;[0m     at param (C:\Users\Jyoti Singh\AppData\Roaming\npm\node_modules\appium\node_modules\express\lib\router\index.js:365:14)
[debug] &amp#27;[38;5;16m[AppiumDriver@6443]&amp#27;[0m     at param (C:\Users\Jyoti Singh\AppData\Roaming\npm\node_modules\appium\node_modules\express\lib\router\index.js:376:14)
[debug] &amp#27;[38;5;16m[AppiumDriver@6443]&amp#27;[0m     at Function.process_params (C:\Users\Jyoti Singh\AppData\Roaming\npm\node_modules\appium\node_modules\express\lib\router\index.js:421:3)
[debug] &amp#27;[38;5;16m[AppiumDriver@6443]&amp#27;[0m     at next (C:\Users\Jyoti Singh\AppData\Roaming\npm\node_modules\appium\node_modules\express\lib\router\index.js:280:10)
[debug] &amp#27;[38;5;16m[AppiumDriver@6443]&amp#27;[0m     at logger (C:\Users\Jyoti Singh\AppData\Roaming\npm\node_modules\appium\node_modules\morgan\index.js:144:5)
[debug] &amp#27;[38;5;16m[AppiumDriver@6443]&amp#27;[0m     at Layer.handle [as handle_request] (C:\Users\Jyoti Singh\AppData\Roaming\npm\node_modules\appium\node_modules\express\lib\router\layer.js:95:5)
[debug] &amp#27;[38;5;16m[AppiumDriver@6443]&amp#27;[0m     at trim_prefix (C:\Users\Jyoti Singh\AppData\Roaming\npm\node_modules\appium\node_modules\express\lib\router\index.js:328:13)
[debug] &amp#27;[38;5;16m[AppiumDriver@6443]&amp#27;[0m     at C:\Users\Jyoti Singh\AppData\Roaming\npm\node_modules\appium\node_modules\express\lib\router\index.js:286:9
[debug] &amp#27;[38;5;16m[AppiumDriver@6443]&amp#27;[0m     at Function.process_params (C:\Users\Jyoti Singh\AppData\Roaming\npm\node_modules\appium\node_modules\express\lib\router\index.js:346:12)
[debug] &amp#27;[38;5;16m[AppiumDriver@6443]&amp#27;[0m     at next (C:\Users\Jyoti Singh\AppData\Roaming\npm\node_modules\appium\node_modules\express\lib\router\index.js:280:10)
[debug] &amp#27;[38;5;16m[AppiumDriver@6443]&amp#27;[0m     at jsonParser (C:\Users\Jyoti Singh\AppData\Roaming\npm\node_modules\appium\node_modules\body-parser\lib\types\json.js:110:7)
[debug] &amp#27;[38;5;16m[AppiumDriver@6443]&amp#27;[0m     at Layer.handle [as handle_request] (C:\Users\Jyoti Singh\AppData\Roaming\npm\node_modules\appium\node_modules\express\lib\router\layer.js:95:5)
[debug] &amp#27;[38;5;16m[AppiumDriver@6443]&amp#27;[0m     at trim_prefix (C:\Users\Jyoti Singh\AppData\Roaming\npm\node_modules\appium\node_modules\express\lib\router\index.js:328:13)
[debug] &amp#27;[38;5;16m[AppiumDriver@6443]&amp#27;[0m     at C:\Users\Jyoti Singh\AppData\Roaming\npm\node_modules\appium\node_modules\express\lib\router\index.js:286:9
[debug] &amp#27;[38;5;16m[AppiumDriver@6443]&amp#27;[0m     at Function.process_params (C:\Users\Jyoti Singh\AppData\Roaming\npm\node_modules\appium\node_modules\express\lib\router\index.js:346:12)
&amp#27;[38;5;0m[HTTP]&amp#27;[0m &amp#27;[37m<-- GET /session/0d3719e9-2eed-4c02-aef5-9c47375006ab/timeouts &amp#27;[39m&amp#27;[33m404&amp#27;[39m &amp#27;[90m8 ms - 3363&amp#27;[39m
&amp#27;[38;5;0m[HTTP]&amp#27;[0m &amp#27;[90m&amp#27;[39m
]]></system-out>
  </testcase>
</testsuite>